0 info it worked if it ends with ok
1 verbose cli [ 'H:\\nodejs\\node.exe',
1 verbose cli   'H:\\nodejs\\node_modules\\npm\\bin\\npm-cli.js',
1 verbose cli   'run',
1 verbose cli   'bulid' ]
2 info using npm@4.1.2
3 info using node@v7.5.0
4 verbose run-script [ 'prebulid', 'bulid', 'postbulid' ]
5 info lifecycle myapp@0.0.0~prebulid: myapp@0.0.0
6 silly lifecycle myapp@0.0.0~prebulid: no script for prebulid, continuing
7 info lifecycle myapp@0.0.0~bulid: myapp@0.0.0
8 verbose lifecycle myapp@0.0.0~bulid: unsafe-perm in lifecycle true
9 verbose lifecycle myapp@0.0.0~bulid: PATH: H:\nodejs\node_modules\npm\bin\node-gyp-bin;G:\jirengu3\myapp\node_modules\.bin;C:\Users\cz\bin;H:\Git\mingw64\bin;H:\Git\usr\local\bin;H:\Git\usr\bin;H:\Git\usr\bin;H:\Git\mingw64\bin;H:\Git\usr\bin;C:\Users\cz\bin;C:\Program Files (x86)\NVIDIA Corporation\PhysX\Common;C:\Program Files (x86)\Intel\iCLS Client;C:\Program Files\Intel\iCLS Client;C:\WINDOWS\system32;C:\WINDOWS;C:\WINDOWS\System32\Wbem;C:\WINDOWS\System32\WindowsPowerShell\v1.0;C:\Program Files\Intel\Intel(R) Management Engine Components\DAL;C:\Program Files\Intel\Intel(R) Management Engine Components\IPT;C:\Program Files (x86)\Intel\Intel(R) Management Engine Components\DAL;C:\Program Files (x86)\Intel\Intel(R) Management Engine Components\IPT;H:\Git\cmd;H:\nodejs;C:\Users\cz\AppData\Local\Microsoft\WindowsApps;C:\Users\cz\AppData\Roaming\npm;H:\Git\usr\bin\vendor_perl;H:\Git\usr\bin\core_perl
10 verbose lifecycle myapp@0.0.0~bulid: CWD: G:\jirengu3\myapp
11 silly lifecycle myapp@0.0.0~bulid: Args: [ '/d /s /c', 'webpack' ]
12 silly lifecycle myapp@0.0.0~bulid: Returned: code: 2  signal: null
13 info lifecycle myapp@0.0.0~bulid: Failed to exec bulid script
14 verbose stack Error: myapp@0.0.0 bulid: `webpack`
14 verbose stack Exit status 2
14 verbose stack     at EventEmitter.<anonymous> (H:\nodejs\node_modules\npm\lib\utils\lifecycle.js:279:16)
14 verbose stack     at emitTwo (events.js:106:13)
14 verbose stack     at EventEmitter.emit (events.js:192:7)
14 verbose stack     at ChildProcess.<anonymous> (H:\nodejs\node_modules\npm\lib\utils\spawn.js:40:14)
14 verbose stack     at emitTwo (events.js:106:13)
14 verbose stack     at ChildProcess.emit (events.js:192:7)
14 verbose stack     at maybeClose (internal/child_process.js:890:16)
14 verbose stack     at Process.ChildProcess._handle.onexit (internal/child_process.js:226:5)
15 verbose pkgid myapp@0.0.0
16 verbose cwd G:\jirengu3\myapp
17 error Windows_NT 10.0.14393
18 error argv "H:\\nodejs\\node.exe" "H:\\nodejs\\node_modules\\npm\\bin\\npm-cli.js" "run" "bulid"
19 error node v7.5.0
20 error npm  v4.1.2
21 error code ELIFECYCLE
22 error myapp@0.0.0 bulid: `webpack`
22 error Exit status 2
23 error Failed at the myapp@0.0.0 bulid script 'webpack'.
23 error Make sure you have the latest version of node.js and npm installed.
23 error If you do, this is most likely a problem with the myapp package,
23 error not with npm itself.
23 error Tell the author that this fails on your system:
23 error     webpack
23 error You can get information on how to open an issue for this project with:
23 error     npm bugs myapp
23 error Or if that isn't available, you can get their info via:
23 error     npm owner ls myapp
23 error There is likely additional logging output above.
24 verbose exit [ 1, true ]
